<?xml version="1.0" encoding="UTF-8"?>
<testsuite name="rspec" tests="40" skipped="0" failures="0" errors="0" time="1.688366" timestamp="2021-04-28T09:11:28-03:00" hostname="DIEFERSONPC">
<properties>
<property name="seed" value="4682"/>
</properties>
<testcase classname="spec.scenarios.booking_post_spec" name="POST /equipos/{equipo_id}/bookings solicitar locacao deve retornar 200" file="./spec/scenarios/booking_post_spec.rb" time="0.003500"></testcase>
<testcase classname="spec.scenarios.equipo_delete_spec" name="DELETE /equipos/{equipo_id} Obter unico equipo Deve retornar 204" file="./spec/scenarios/equipo_delete_spec.rb" time="0.000213"></testcase>
<testcase classname="spec.scenarios.equipo_delete_spec" name="DELETE /equipos/{equipo_id} equipo nao existe deve retornar 204" file="./spec/scenarios/equipo_delete_spec.rb" time="0.000285"></testcase>
<testcase classname="spec.scenarios.equipo_get_spec" name="GET /equipos/{equipo_id} Obter unico equipo Deve retornar 200" file="./spec/scenarios/equipo_get_spec.rb" time="0.000285"></testcase>
<testcase classname="spec.scenarios.equipo_get_spec" name="GET /equipos/{equipo_id} Obter unico equipo Deve retornar o nome " file="./spec/scenarios/equipo_get_spec.rb" time="0.007448"></testcase>
<testcase classname="spec.scenarios.equipo_get_spec" name="GET /equipos/{equipo_id} equipo nao existe deve retornar 404" file="./spec/scenarios/equipo_get_spec.rb" time="0.000206"></testcase>
<testcase classname="spec.scenarios.equipo_get_spec" name="GET /equipos obter uma lista deve retornar 200" file="./spec/scenarios/equipo_get_spec.rb" time="0.000208"></testcase>
<testcase classname="spec.scenarios.equipo_get_spec" name="GET /equipos obter uma lista deve retornar uma lista de equipos" file="./spec/scenarios/equipo_get_spec.rb" time="0.007964"></testcase>
<testcase classname="spec.scenarios.equipo_post_spec" name="POST /equipos novo equipo deve retornar 200" file="./spec/scenarios/equipo_post_spec.rb" time="0.000297"></testcase>
<testcase classname="spec.scenarios.equipo_post_spec" name="POST /equipos nao autorizado deve retornar 401" file="./spec/scenarios/equipo_post_spec.rb" time="0.000255"></testcase>
<testcase classname="spec.scenarios.session_post_spec" name="POST /sessions Login com sucesso valida status code" file="./spec/scenarios/session_post_spec.rb" time="0.000331"></testcase>
<testcase classname="spec.scenarios.session_post_spec" name="POST /sessions Login com sucesso valida id do usuário" file="./spec/scenarios/session_post_spec.rb" time="0.000462"></testcase>
<testcase classname="spec.scenarios.session_post_spec" name="POST /sessions email invalido valida status code 401" file="./spec/scenarios/session_post_spec.rb" time="0.000280"></testcase>
<testcase classname="spec.scenarios.session_post_spec" name="POST /sessions email invalido valida id do usuário" file="./spec/scenarios/session_post_spec.rb" time="0.000446"></testcase>
<testcase classname="spec.scenarios.session_post_spec" name="POST /sessions email em branco valida status code 412" file="./spec/scenarios/session_post_spec.rb" time="0.000247"></testcase>
<testcase classname="spec.scenarios.session_post_spec" name="POST /sessions email em branco valida id do usuário" file="./spec/scenarios/session_post_spec.rb" time="0.000305"></testcase>
<testcase classname="spec.scenarios.session_post_spec" name="POST /sessions sem o campo email valida status code 412" file="./spec/scenarios/session_post_spec.rb" time="0.000235"></testcase>
<testcase classname="spec.scenarios.session_post_spec" name="POST /sessions sem o campo email valida id do usuário" file="./spec/scenarios/session_post_spec.rb" time="0.000251"></testcase>
<testcase classname="spec.scenarios.session_post_spec" name="POST /sessions senha invalida valida status code 401" file="./spec/scenarios/session_post_spec.rb" time="0.000231"></testcase>
<testcase classname="spec.scenarios.session_post_spec" name="POST /sessions senha invalida valida id do usuário" file="./spec/scenarios/session_post_spec.rb" time="0.000229"></testcase>
<testcase classname="spec.scenarios.session_post_spec" name="POST /sessions senha em branco valida status code 412" file="./spec/scenarios/session_post_spec.rb" time="0.000248"></testcase>
<testcase classname="spec.scenarios.session_post_spec" name="POST /sessions senha em branco valida id do usuário" file="./spec/scenarios/session_post_spec.rb" time="0.000347"></testcase>
<testcase classname="spec.scenarios.session_post_spec" name="POST /sessions sem o campo senha valida status code 412" file="./spec/scenarios/session_post_spec.rb" time="0.000170"></testcase>
<testcase classname="spec.scenarios.session_post_spec" name="POST /sessions sem o campo senha valida id do usuário" file="./spec/scenarios/session_post_spec.rb" time="0.000294"></testcase>
<testcase classname="spec.scenarios.signup_post_spec" name="POST /signup Novo usuario valida status code" file="./spec/scenarios/signup_post_spec.rb" time="0.000262"></testcase>
<testcase classname="spec.scenarios.signup_post_spec" name="POST /signup Novo usuario valida id do usuário" file="./spec/scenarios/signup_post_spec.rb" time="0.000328"></testcase>
<testcase classname="spec.scenarios.signup_post_spec" name="POST /signup Usuario ja existe Deve retornar 409" file="./spec/scenarios/signup_post_spec.rb" time="0.000291"></testcase>
<testcase classname="spec.scenarios.signup_post_spec" name="POST /signup Usuario ja existe deve retornar mensagem de erro" file="./spec/scenarios/signup_post_spec.rb" time="0.000244"></testcase>
<testcase classname="spec.scenarios.signup_post_spec" name="POST /signup Nome obrigatorio valida status code 412" file="./spec/scenarios/signup_post_spec.rb" time="0.000265"></testcase>
<testcase classname="spec.scenarios.signup_post_spec" name="POST /signup Nome obrigatorio valida id do usuário" file="./spec/scenarios/signup_post_spec.rb" time="0.000244"></testcase>
<testcase classname="spec.scenarios.signup_post_spec" name="POST /signup Sem o campo nome valida status code 412" file="./spec/scenarios/signup_post_spec.rb" time="0.000160"></testcase>
<testcase classname="spec.scenarios.signup_post_spec" name="POST /signup Sem o campo nome valida id do usuário" file="./spec/scenarios/signup_post_spec.rb" time="0.000251"></testcase>
<testcase classname="spec.scenarios.signup_post_spec" name="POST /signup Email obrigatorio valida status code 412" file="./spec/scenarios/signup_post_spec.rb" time="0.000195"></testcase>
<testcase classname="spec.scenarios.signup_post_spec" name="POST /signup Email obrigatorio valida id do usuário" file="./spec/scenarios/signup_post_spec.rb" time="0.000236"></testcase>
<testcase classname="spec.scenarios.signup_post_spec" name="POST /signup Sem o campo email valida status code 412" file="./spec/scenarios/signup_post_spec.rb" time="0.000219"></testcase>
<testcase classname="spec.scenarios.signup_post_spec" name="POST /signup Sem o campo email valida id do usuário" file="./spec/scenarios/signup_post_spec.rb" time="0.000405"></testcase>
<testcase classname="spec.scenarios.signup_post_spec" name="POST /signup Password obrigatorio valida status code 412" file="./spec/scenarios/signup_post_spec.rb" time="0.000202"></testcase>
<testcase classname="spec.scenarios.signup_post_spec" name="POST /signup Password obrigatorio valida id do usuário" file="./spec/scenarios/signup_post_spec.rb" time="0.000438"></testcase>
<testcase classname="spec.scenarios.signup_post_spec" name="POST /signup Sem o campo password valida status code 412" file="./spec/scenarios/signup_post_spec.rb" time="0.000309"></testcase>
<testcase classname="spec.scenarios.signup_post_spec" name="POST /signup Sem o campo password valida id do usuário" file="./spec/scenarios/signup_post_spec.rb" time="0.000356"></testcase>
</testsuite>
