<?xml version="1.0" encoding="UTF-8"?>
<testsuite name="rspec" tests="40" skipped="0" failures="0" errors="0" time="2.189068" timestamp="2021-05-04T23:04:18-03:00" hostname="DIEFERSONPC">
<properties>
<property name="seed" value="13945"/>
</properties>
<testcase classname="spec.scenarios.booking_post_spec" name="POST /equipos/{equipo_id}/bookings solicitar locacao deve retornar 200" file="./spec/scenarios/booking_post_spec.rb" time="0.008233"></testcase>
<testcase classname="spec.scenarios.equipo_delete_spec" name="DELETE /equipos/{equipo_id} Obter unico equipo Deve retornar 204" file="./spec/scenarios/equipo_delete_spec.rb" time="0.000222"></testcase>
<testcase classname="spec.scenarios.equipo_delete_spec" name="DELETE /equipos/{equipo_id} equipo nao existe deve retornar 204" file="./spec/scenarios/equipo_delete_spec.rb" time="0.000208"></testcase>
<testcase classname="spec.scenarios.equipo_get_spec" name="GET /equipos/{equipo_id} Obter unico equipo Deve retornar 200" file="./spec/scenarios/equipo_get_spec.rb" time="0.000240"></testcase>
<testcase classname="spec.scenarios.equipo_get_spec" name="GET /equipos/{equipo_id} Obter unico equipo Deve retornar o nome " file="./spec/scenarios/equipo_get_spec.rb" time="0.017905"></testcase>
<testcase classname="spec.scenarios.equipo_get_spec" name="GET /equipos/{equipo_id} equipo nao existe deve retornar 404" file="./spec/scenarios/equipo_get_spec.rb" time="0.000436"></testcase>
<testcase classname="spec.scenarios.equipo_get_spec" name="GET /equipos obter uma lista deve retornar 200" file="./spec/scenarios/equipo_get_spec.rb" time="0.000234"></testcase>
<testcase classname="spec.scenarios.equipo_get_spec" name="GET /equipos obter uma lista deve retornar uma lista de equipos" file="./spec/scenarios/equipo_get_spec.rb" time="0.014329"></testcase>
<testcase classname="spec.scenarios.equipo_post_spec" name="POST /equipos novo equipo deve retornar 200" file="./spec/scenarios/equipo_post_spec.rb" time="0.000397"></testcase>
<testcase classname="spec.scenarios.equipo_post_spec" name="POST /equipos nao autorizado deve retornar 401" file="./spec/scenarios/equipo_post_spec.rb" time="0.000217"></testcase>
<testcase classname="spec.scenarios.session_post_spec" name="POST /sessions Login com sucesso valida status code" file="./spec/scenarios/session_post_spec.rb" time="0.000297"></testcase>
<testcase classname="spec.scenarios.session_post_spec" name="POST /sessions Login com sucesso valida id do usuário" file="./spec/scenarios/session_post_spec.rb" time="0.000321"></testcase>
<testcase classname="spec.scenarios.session_post_spec" name="POST /sessions email invalido valida status code 401" file="./spec/scenarios/session_post_spec.rb" time="0.000260"></testcase>
<testcase classname="spec.scenarios.session_post_spec" name="POST /sessions email invalido valida id do usuário" file="./spec/scenarios/session_post_spec.rb" time="0.000353"></testcase>
<testcase classname="spec.scenarios.session_post_spec" name="POST /sessions email em branco valida status code 412" file="./spec/scenarios/session_post_spec.rb" time="0.000237"></testcase>
<testcase classname="spec.scenarios.session_post_spec" name="POST /sessions email em branco valida id do usuário" file="./spec/scenarios/session_post_spec.rb" time="0.000280"></testcase>
<testcase classname="spec.scenarios.session_post_spec" name="POST /sessions sem o campo email valida status code 412" file="./spec/scenarios/session_post_spec.rb" time="0.000233"></testcase>
<testcase classname="spec.scenarios.session_post_spec" name="POST /sessions sem o campo email valida id do usuário" file="./spec/scenarios/session_post_spec.rb" time="0.000425"></testcase>
<testcase classname="spec.scenarios.session_post_spec" name="POST /sessions senha invalida valida status code 401" file="./spec/scenarios/session_post_spec.rb" time="0.000238"></testcase>
<testcase classname="spec.scenarios.session_post_spec" name="POST /sessions senha invalida valida id do usuário" file="./spec/scenarios/session_post_spec.rb" time="0.000345"></testcase>
<testcase classname="spec.scenarios.session_post_spec" name="POST /sessions senha em branco valida status code 412" file="./spec/scenarios/session_post_spec.rb" time="0.000259"></testcase>
<testcase classname="spec.scenarios.session_post_spec" name="POST /sessions senha em branco valida id do usuário" file="./spec/scenarios/session_post_spec.rb" time="0.000360"></testcase>
<testcase classname="spec.scenarios.session_post_spec" name="POST /sessions sem o campo senha valida status code 412" file="./spec/scenarios/session_post_spec.rb" time="0.000250"></testcase>
<testcase classname="spec.scenarios.session_post_spec" name="POST /sessions sem o campo senha valida id do usuário" file="./spec/scenarios/session_post_spec.rb" time="0.000350"></testcase>
<testcase classname="spec.scenarios.signup_post_spec" name="POST /signup Novo usuario valida status code" file="./spec/scenarios/signup_post_spec.rb" time="0.000271"></testcase>
<testcase classname="spec.scenarios.signup_post_spec" name="POST /signup Novo usuario valida id do usuário" file="./spec/scenarios/signup_post_spec.rb" time="0.000396"></testcase>
<testcase classname="spec.scenarios.signup_post_spec" name="POST /signup Usuario ja existe Deve retornar 409" file="./spec/scenarios/signup_post_spec.rb" time="0.000219"></testcase>
<testcase classname="spec.scenarios.signup_post_spec" name="POST /signup Usuario ja existe deve retornar mensagem de erro" file="./spec/scenarios/signup_post_spec.rb" time="0.000264"></testcase>
<testcase classname="spec.scenarios.signup_post_spec" name="POST /signup Nome obrigatorio valida status code 412" file="./spec/scenarios/signup_post_spec.rb" time="0.000268"></testcase>
<testcase classname="spec.scenarios.signup_post_spec" name="POST /signup Nome obrigatorio valida id do usuário" file="./spec/scenarios/signup_post_spec.rb" time="0.000442"></testcase>
<testcase classname="spec.scenarios.signup_post_spec" name="POST /signup Sem o campo nome valida status code 412" file="./spec/scenarios/signup_post_spec.rb" time="0.000215"></testcase>
<testcase classname="spec.scenarios.signup_post_spec" name="POST /signup Sem o campo nome valida id do usuário" file="./spec/scenarios/signup_post_spec.rb" time="0.000316"></testcase>
<testcase classname="spec.scenarios.signup_post_spec" name="POST /signup Email obrigatorio valida status code 412" file="./spec/scenarios/signup_post_spec.rb" time="0.000245"></testcase>
<testcase classname="spec.scenarios.signup_post_spec" name="POST /signup Email obrigatorio valida id do usuário" file="./spec/scenarios/signup_post_spec.rb" time="0.000296"></testcase>
<testcase classname="spec.scenarios.signup_post_spec" name="POST /signup Sem o campo email valida status code 412" file="./spec/scenarios/signup_post_spec.rb" time="0.000260"></testcase>
<testcase classname="spec.scenarios.signup_post_spec" name="POST /signup Sem o campo email valida id do usuário" file="./spec/scenarios/signup_post_spec.rb" time="0.000573"></testcase>
<testcase classname="spec.scenarios.signup_post_spec" name="POST /signup Password obrigatorio valida status code 412" file="./spec/scenarios/signup_post_spec.rb" time="0.000251"></testcase>
<testcase classname="spec.scenarios.signup_post_spec" name="POST /signup Password obrigatorio valida id do usuário" file="./spec/scenarios/signup_post_spec.rb" time="0.000263"></testcase>
<testcase classname="spec.scenarios.signup_post_spec" name="POST /signup Sem o campo password valida status code 412" file="./spec/scenarios/signup_post_spec.rb" time="0.000318"></testcase>
<testcase classname="spec.scenarios.signup_post_spec" name="POST /signup Sem o campo password valida id do usuário" file="./spec/scenarios/signup_post_spec.rb" time="0.000353"></testcase>
</testsuite>
